<?xml version="1.0" encoding="utf-8"?><testsuites name="pytest tests"><testsuite name="pytest" errors="0" failures="0" skipped="0" tests="21" time="3.336" timestamp="2026-03-14T12:29:57.716941+00:00" hostname="agent-env-30d79ce6-ccf8-4b04-9d04-0effd17e028e"><testcase classname="backend.tests.test_blog_cms_api.TestAdminPasscodeAuth" name="test_admin_health_with_valid_passcode" time="0.173" /><testcase classname="backend.tests.test_blog_cms_api.TestAdminPasscodeAuth" name="test_admin_health_with_invalid_passcode" time="0.132" /><testcase classname="backend.tests.test_blog_cms_api.TestAdminPasscodeAuth" name="test_admin_health_without_passcode" time="0.143" /><testcase classname="backend.tests.test_blog_cms_api.TestBlogCategoriesAPI" name="test_get_categories" time="0.098" /><testcase classname="backend.tests.test_blog_cms_api.TestBlogCategoriesAPI" name="test_create_category_success" time="0.214" /><testcase classname="backend.tests.test_blog_cms_api.TestBlogCategoriesAPI" name="test_create_category_without_auth" time="0.096" /><testcase classname="backend.tests.test_blog_cms_api.TestBlogCategoriesAPI" name="test_create_duplicate_category" time="0.126" /><testcase classname="backend.tests.test_blog_cms_api.TestBlogCategoriesAPI" name="test_update_category_success" time="0.259" /><testcase classname="backend.tests.test_blog_cms_api.TestBlogCategoriesAPI" name="test_update_nonexistent_category" time="0.101" /><testcase classname="backend.tests.test_blog_cms_api.TestBlogCategoriesAPI" name="test_delete_category_success" time="0.209" /><testcase classname="backend.tests.test_blog_cms_api.TestBlogPostsAPI" name="test_get_posts" time="0.113" /><testcase classname="backend.tests.test_blog_cms_api.TestBlogPostsAPI" name="test_get_posts_by_category" time="0.101" /><testcase classname="backend.tests.test_blog_cms_api.TestBlogPostsAPI" name="test_get_post_by_slug" time="0.109" /><testcase classname="backend.tests.test_blog_cms_api.TestBlogPostsAPI" name="test_get_nonexistent_post" time="0.115" /><testcase classname="backend.tests.test_blog_cms_api.TestBlogPostsAPI" name="test_create_post_success" time="0.205" /><testcase classname="backend.tests.test_blog_cms_api.TestBlogPostsAPI" name="test_create_post_without_auth" time="0.095" /><testcase classname="backend.tests.test_blog_cms_api.TestBlogPostsAPI" name="test_update_post_success" time="0.257" /><testcase classname="backend.tests.test_blog_cms_api.TestBlogPostsAPI" name="test_delete_post_success" time="0.198" /><testcase classname="backend.tests.test_blog_cms_api.TestBlogPostsAPI" name="test_auto_slug_generation" time="0.157" /><testcase classname="backend.tests.test_blog_cms_api.TestImageUploadAPI" name="test_upload_without_auth" time="0.123" /><testcase classname="backend.tests.test_blog_cms_api.TestImageUploadAPI" name="test_upload_invalid_extension" time="0.124" /></testsuite></testsuites>