<?xml version="1.0" encoding="utf-8"?><testsuites name="pytest tests"><testsuite name="pytest" errors="0" failures="0" skipped="0" tests="14" time="3.682" timestamp="2026-03-14T15:21:26.733742+00:00" hostname="agent-env-30d79ce6-ccf8-4b04-9d04-0effd17e028e"><testcase classname="backend.tests.test_draft_publish_feature.TestNewPostDefaultsToDraft" name="test_create_post_without_status_defaults_to_draft" time="0.236" /><testcase classname="backend.tests.test_draft_publish_feature.TestNewPostDefaultsToDraft" name="test_create_post_with_explicit_draft_status" time="0.176" /><testcase classname="backend.tests.test_draft_publish_feature.TestDraftPostsHiddenFromPublic" name="test_draft_post_not_in_public_posts_list" time="0.221" /><testcase classname="backend.tests.test_draft_publish_feature.TestDraftPostsHiddenFromPublic" name="test_draft_post_returns_404_on_public_slug_endpoint" time="0.239" /><testcase classname="backend.tests.test_draft_publish_feature.TestDraftPostsVisibleInAdmin" name="test_admin_can_see_drafts_with_include_drafts_flag" time="0.239" /><testcase classname="backend.tests.test_draft_publish_feature.TestDraftPostsVisibleInAdmin" name="test_include_drafts_without_passcode_still_hides_drafts" time="0.266" /><testcase classname="backend.tests.test_draft_publish_feature.TestPublishedPostsVisibleEverywhere" name="test_published_post_visible_in_public_list" time="0.229" /><testcase classname="backend.tests.test_draft_publish_feature.TestPublishedPostsVisibleEverywhere" name="test_published_post_accessible_by_slug" time="0.246" /><testcase classname="backend.tests.test_draft_publish_feature.TestPublishedPostsVisibleEverywhere" name="test_published_post_visible_in_admin_view" time="0.288" /><testcase classname="backend.tests.test_draft_publish_feature.TestStatusUpdateAndToggle" name="test_update_preserves_draft_status" time="0.236" /><testcase classname="backend.tests.test_draft_publish_feature.TestStatusUpdateAndToggle" name="test_change_status_from_draft_to_published" time="0.439" /><testcase classname="backend.tests.test_draft_publish_feature.TestStatusUpdateAndToggle" name="test_change_status_from_published_to_draft" time="0.509" /><testcase classname="backend.tests.test_draft_publish_feature.TestSeedDataBackfill" name="test_seed_post_has_published_status" time="0.135" /><testcase classname="backend.tests.test_draft_publish_feature.TestSeedDataBackfill" name="test_seed_post_visible_in_public_list" time="0.103" /></testsuite></testsuites>