<?xml version="1.0" encoding="utf-8"?><testsuites name="pytest tests"><testsuite name="pytest" errors="0" failures="0" skipped="0" tests="3" time="0.411" timestamp="2026-03-02T07:52:51.123582+00:00" hostname="agent-env-0aab7b22-7b5e-4e36-a13c-36fec1df5e59"><testcase classname="backend.tests.test_enquiries_api" name="test_api_root" time="0.141" /><testcase classname="backend.tests.test_enquiries_api" name="test_create_enquiry_and_verify_persistence" time="0.121" /><testcase classname="backend.tests.test_enquiries_api" name="test_create_enquiry_invalid_email_returns_validation_error" time="0.053" /></testsuite></testsuites>